[2023-11-29 10:21:50Z INFO HostContext] No proxy settings were found based on environmental variables (http_proxy/https_proxy/HTTP_PROXY/HTTPS_PROXY)
[2023-11-29 10:21:50Z INFO HostContext] Well known directory 'Bin': 'D:\Software Developer\React Native\Typescript\WeatherApp\WeatherAppRicko\actions-runner\bin'
[2023-11-29 10:21:50Z INFO HostContext] Well known directory 'Root': 'D:\Software Developer\React Native\Typescript\WeatherApp\WeatherAppRicko\actions-runner'
[2023-11-29 10:21:50Z INFO HostContext] Well known config file 'Credentials': 'D:\Software Developer\React Native\Typescript\WeatherApp\WeatherAppRicko\actions-runner\.credentials'
[2023-11-29 10:21:51Z INFO HostContext] Well known directory 'Bin': 'D:\Software Developer\React Native\Typescript\WeatherApp\WeatherAppRicko\actions-runner\bin'
[2023-11-29 10:21:51Z INFO HostContext] Well known directory 'Root': 'D:\Software Developer\React Native\Typescript\WeatherApp\WeatherAppRicko\actions-runner'
[2023-11-29 10:21:51Z INFO HostContext] Well known config file 'Runner': 'D:\Software Developer\React Native\Typescript\WeatherApp\WeatherAppRicko\actions-runner\.runner'
[2023-11-29 10:21:51Z INFO Listener] Runner is built for Windows (X64) - win-x64.
[2023-11-29 10:21:51Z INFO Listener] RuntimeInformation: Microsoft Windows 10.0.19041.
[2023-11-29 10:21:51Z INFO Listener] Version: 2.311.0
[2023-11-29 10:21:51Z INFO Listener] Commit: f5cff308c83746dddd726a9a28a1583872305aaa
[2023-11-29 10:21:51Z INFO Listener] Culture: en-US
[2023-11-29 10:21:51Z INFO Listener] UI Culture: en-GB
[2023-11-29 10:21:51Z INFO HostContext] Well known directory 'Bin': 'D:\Software Developer\React Native\Typescript\WeatherApp\WeatherAppRicko\actions-runner\bin'
[2023-11-29 10:21:51Z INFO HostContext] Well known directory 'Root': 'D:\Software Developer\React Native\Typescript\WeatherApp\WeatherAppRicko\actions-runner'
[2023-11-29 10:21:51Z INFO Listener] Validating directory permissions for: 'D:\Software Developer\React Native\Typescript\WeatherApp\WeatherAppRicko\actions-runner'
[2023-11-29 10:21:51Z INFO CommandLineParser] Parse
[2023-11-29 10:21:51Z INFO CommandLineParser] Parsing 1 args
[2023-11-29 10:21:51Z INFO CommandLineParser] parsing argument
[2023-11-29 10:21:51Z INFO CommandLineParser] HasArgs: False
[2023-11-29 10:21:51Z INFO CommandLineParser] Adding Command: remove
[2023-11-29 10:21:51Z INFO Listener] Arguments parsed
[2023-11-29 10:21:51Z INFO Runner] ExecuteCommand
[2023-11-29 10:21:51Z INFO ConfigurationStore] currentAssemblyLocation: D:\Software Developer\React Native\Typescript\WeatherApp\WeatherAppRicko\actions-runner\bin\Runner.Listener.dll
[2023-11-29 10:21:51Z INFO HostContext] Well known directory 'Bin': 'D:\Software Developer\React Native\Typescript\WeatherApp\WeatherAppRicko\actions-runner\bin'
[2023-11-29 10:21:51Z INFO ConfigurationStore] binPath: D:\Software Developer\React Native\Typescript\WeatherApp\WeatherAppRicko\actions-runner\bin
[2023-11-29 10:21:51Z INFO HostContext] Well known directory 'Bin': 'D:\Software Developer\React Native\Typescript\WeatherApp\WeatherAppRicko\actions-runner\bin'
[2023-11-29 10:21:51Z INFO HostContext] Well known directory 'Root': 'D:\Software Developer\React Native\Typescript\WeatherApp\WeatherAppRicko\actions-runner'
[2023-11-29 10:21:51Z INFO ConfigurationStore] RootFolder: D:\Software Developer\React Native\Typescript\WeatherApp\WeatherAppRicko\actions-runner
[2023-11-29 10:21:51Z INFO HostContext] Well known directory 'Bin': 'D:\Software Developer\React Native\Typescript\WeatherApp\WeatherAppRicko\actions-runner\bin'
[2023-11-29 10:21:51Z INFO HostContext] Well known directory 'Root': 'D:\Software Developer\React Native\Typescript\WeatherApp\WeatherAppRicko\actions-runner'
[2023-11-29 10:21:51Z INFO HostContext] Well known config file 'Runner': 'D:\Software Developer\React Native\Typescript\WeatherApp\WeatherAppRicko\actions-runner\.runner'
[2023-11-29 10:21:51Z INFO ConfigurationStore] ConfigFilePath: D:\Software Developer\React Native\Typescript\WeatherApp\WeatherAppRicko\actions-runner\.runner
[2023-11-29 10:21:51Z INFO HostContext] Well known directory 'Bin': 'D:\Software Developer\React Native\Typescript\WeatherApp\WeatherAppRicko\actions-runner\bin'
[2023-11-29 10:21:51Z INFO HostContext] Well known directory 'Root': 'D:\Software Developer\React Native\Typescript\WeatherApp\WeatherAppRicko\actions-runner'
[2023-11-29 10:21:51Z INFO HostContext] Well known config file 'Credentials': 'D:\Software Developer\React Native\Typescript\WeatherApp\WeatherAppRicko\actions-runner\.credentials'
[2023-11-29 10:21:51Z INFO ConfigurationStore] CredFilePath: D:\Software Developer\React Native\Typescript\WeatherApp\WeatherAppRicko\actions-runner\.credentials
[2023-11-29 10:21:51Z INFO HostContext] Well known directory 'Bin': 'D:\Software Developer\React Native\Typescript\WeatherApp\WeatherAppRicko\actions-runner\bin'
[2023-11-29 10:21:51Z INFO HostContext] Well known directory 'Root': 'D:\Software Developer\React Native\Typescript\WeatherApp\WeatherAppRicko\actions-runner'
[2023-11-29 10:21:51Z INFO HostContext] Well known config file 'MigratedCredentials': 'D:\Software Developer\React Native\Typescript\WeatherApp\WeatherAppRicko\actions-runner\.credentials_migrated'
[2023-11-29 10:21:51Z INFO ConfigurationStore] MigratedCredFilePath: D:\Software Developer\React Native\Typescript\WeatherApp\WeatherAppRicko\actions-runner\.credentials_migrated
[2023-11-29 10:21:51Z INFO HostContext] Well known directory 'Bin': 'D:\Software Developer\React Native\Typescript\WeatherApp\WeatherAppRicko\actions-runner\bin'
[2023-11-29 10:21:51Z INFO HostContext] Well known directory 'Root': 'D:\Software Developer\React Native\Typescript\WeatherApp\WeatherAppRicko\actions-runner'
[2023-11-29 10:21:51Z INFO HostContext] Well known config file 'Service': 'D:\Software Developer\React Native\Typescript\WeatherApp\WeatherAppRicko\actions-runner\.service'
[2023-11-29 10:21:51Z INFO ConfigurationStore] ServiceConfigFilePath: D:\Software Developer\React Native\Typescript\WeatherApp\WeatherAppRicko\actions-runner\.service
[2023-11-29 10:21:51Z INFO CommandSettings] Flag 'help': 'False'
[2023-11-29 10:21:51Z INFO CommandSettings] Flag 'version': 'False'
[2023-11-29 10:21:51Z INFO CommandSettings] Flag 'commit': 'False'
[2023-11-29 10:21:51Z INFO CommandSettings] Flag 'check': 'False'
[2023-11-29 10:21:51Z INFO CommandSettings] Command 'configure': 'False'
[2023-11-29 10:21:51Z INFO CommandSettings] Command 'remove': 'True'
[2023-11-29 10:21:51Z INFO CommandSettings] Flag 'local': 'False'
[2023-11-29 10:21:51Z INFO ConfigurationStore] IsServiceConfigured()
[2023-11-29 10:21:51Z INFO ConfigurationStore] IsServiceConfigured: False
[2023-11-29 10:21:51Z INFO ConfigurationStore] IsConfigured()
[2023-11-29 10:21:51Z INFO ConfigurationStore] IsConfigured: True
[2023-11-29 10:21:51Z INFO ConfigurationStore] HasCredentials()
[2023-11-29 10:21:51Z INFO ConfigurationStore] stored True
[2023-11-29 10:21:51Z INFO ConfigurationStore] Read setting file: 312 chars
[2023-11-29 10:21:51Z INFO CommandSettings] Arg 'token': ''
[2023-11-29 10:21:51Z INFO CommandSettings] Flag 'unattended': 'False'
[2023-11-29 10:21:51Z INFO PromptManager] ReadValue
[2023-11-29 10:21:51Z INFO Terminal] WRITE: Enter runner remove token: 
[2023-11-29 10:21:51Z INFO Terminal] READ SECRET
[2023-11-29 10:22:36Z INFO Terminal] Read value: '***'
[2023-11-29 10:22:37Z INFO ConfigurationManager] Http response code: OK from 'POST https://api.github.com/actions/runner-registration' (F94E:3A14B3:2DAEAC:303DC0:656710ED)
[2023-11-29 10:22:37Z INFO ConfigurationManager] cred retrieved via GitHub auth
[2023-11-29 10:22:37Z INFO RunnerServer] EstablishVssConnection
[2023-11-29 10:22:37Z INFO RunnerServer] Establish connection with 100 seconds timeout.
[2023-11-29 10:22:37Z INFO GitHubActionsService] Starting operation Location.GetConnectionData
[2023-11-29 10:22:37Z INFO RunnerServer] EstablishVssConnection
[2023-11-29 10:22:37Z INFO RunnerServer] Establish connection with 60 seconds timeout.
[2023-11-29 10:22:37Z INFO GitHubActionsService] Starting operation Location.GetConnectionData
[2023-11-29 10:22:37Z INFO RunnerServer] EstablishVssConnection
[2023-11-29 10:22:37Z INFO RunnerServer] Establish connection with 60 seconds timeout.
[2023-11-29 10:22:37Z INFO GitHubActionsService] Starting operation Location.GetConnectionData
[2023-11-29 10:22:38Z INFO GitHubActionsService] Finished operation Location.GetConnectionData
[2023-11-29 10:22:38Z INFO GitHubActionsService] Finished operation Location.GetConnectionData
[2023-11-29 10:22:38Z INFO GitHubActionsService] Finished operation Location.GetConnectionData
[2023-11-29 10:22:39Z INFO Terminal] WRITE LINE: Does not exist. Skipping Removing runner from the server
[2023-11-29 10:22:39Z INFO ConfigurationStore] IsConfigured()
[2023-11-29 10:22:39Z INFO ConfigurationStore] IsConfigured: True
[2023-11-29 10:22:39Z INFO ConfigurationStore] HasCredentials()
[2023-11-29 10:22:39Z INFO ConfigurationStore] stored True
[2023-11-29 10:22:39Z INFO HostContext] Well known directory 'Bin': 'D:\Software Developer\React Native\Typescript\WeatherApp\WeatherAppRicko\actions-runner\bin'
[2023-11-29 10:22:39Z INFO HostContext] Well known directory 'Root': 'D:\Software Developer\React Native\Typescript\WeatherApp\WeatherAppRicko\actions-runner'
[2023-11-29 10:22:39Z INFO HostContext] Well known config file 'RSACredentials': 'D:\Software Developer\React Native\Typescript\WeatherApp\WeatherAppRicko\actions-runner\.credentials_rsaparams'
[2023-11-29 10:22:39Z INFO RSAEncryptedFileKeyManager] Deleting RSA key parameters file D:\Software Developer\React Native\Typescript\WeatherApp\WeatherAppRicko\actions-runner\.credentials_rsaparams
[2023-11-29 10:22:39Z INFO Terminal] WRITE LINE: 
[2023-11-29 10:22:39Z INFO Listener] Runner execution has finished with return code 0
